2020-10-23 09:55:56  [ restartedMain:331 ] - [ INFO ]  Starting ViewApplication on LAPTOP-POJ4GAHN with PID 11976 (E:\project\view\target\classes started by 20389 in E:\project\view)
2020-10-23 09:55:56  [ restartedMain:343 ] - [ INFO ]  No active profile set, falling back to default profiles: default
2020-10-23 09:55:56  [ restartedMain:446 ] - [ INFO ]  Devtools property defaults active! Set 'spring.devtools.add-properties' to 'false' to disable
2020-10-23 09:55:56  [ restartedMain:446 ] - [ INFO ]  For additional web related logging consider setting the 'logging.level.web' property to 'DEBUG'
2020-10-23 09:55:56  [ background-preinit:533 ] - [ WARN ]  For Jackson Kotlin classes support please add "com.fasterxml.jackson.module:jackson-module-kotlin" to the classpath
2020-10-23 09:55:59  [ restartedMain:2990 ] - [ INFO ]  Tomcat initialized with port(s): 8888 (http)
2020-10-23 09:55:59  [ restartedMain:3186 ] - [ INFO ]  Root WebApplicationContext: initialization completed in 2740 ms
2020-10-23 09:56:00  [ restartedMain:3765 ] - [ INFO ]  Initializing ExecutorService 'applicationTaskExecutor'
2020-10-23 09:56:01  [ restartedMain:4804 ] - [ INFO ]  LiveReload server is running on port 35729
2020-10-23 09:56:01  [ restartedMain:4862 ] - [ INFO ]  Tomcat started on port(s): 8888 (http) with context path ''
2020-10-23 09:56:01  [ restartedMain:4901 ] - [ INFO ]  Started ViewApplication in 5.044 seconds (JVM running for 6.208)
2020-10-23 09:56:08  [ http-nio-8888-exec-1:11778 ] - [ INFO ]  Initializing Servlet 'dispatcherServlet'
2020-10-23 09:56:08  [ http-nio-8888-exec-1:11788 ] - [ INFO ]  Completed initialization in 10 ms
2020-10-23 09:56:08  [ http-nio-8888-exec-1:11880 ] - [ INFO ]  HikariPool-1 - Starting...
2020-10-23 09:56:08  [ http-nio-8888-exec-1:12183 ] - [ INFO ]  HikariPool-1 - Start completed.
2020-10-23 09:58:58  [ main:245 ] - [ INFO ]  Neither @ContextConfiguration nor @ContextHierarchy found for test class [com.viewPractice.ViewApplicationTests], using SpringBootContextLoader
2020-10-23 09:58:58  [ main:254 ] - [ INFO ]  Could not detect default resource locations for test class [com.viewPractice.ViewApplicationTests]: no resource found for suffixes {-context.xml, Context.groovy}.
2020-10-23 09:58:58  [ main:255 ] - [ INFO ]  Could not detect default configuration classes for test class [com.viewPractice.ViewApplicationTests]: ViewApplicationTests does not declare any static, non-private, non-final, nested classes annotated with @Configuration.
2020-10-23 09:58:58  [ main:577 ] - [ INFO ]  Found @SpringBootConfiguration com.viewPractice.ViewApplication for test class com.viewPractice.ViewApplicationTests
2020-10-23 09:58:59  [ main:811 ] - [ INFO ]  Loaded default TestExecutionListener class names from location [META-INF/spring.factories]: [org.springframework.boot.test.mock.mockito.MockitoTestExecutionListener, org.springframework.boot.test.mock.mockito.ResetMocksTestExecutionListener, org.springframework.boot.test.autoconfigure.restdocs.RestDocsTestExecutionListener, org.springframework.boot.test.autoconfigure.web.client.MockRestServiceServerResetTestExecutionListener, org.springframework.boot.test.autoconfigure.web.servlet.MockMvcPrintOnlyOnFailureTestExecutionListener, org.springframework.boot.test.autoconfigure.web.servlet.WebDriverTestExecutionListener, org.springframework.boot.test.autoconfigure.webservices.client.MockWebServiceServerTestExecutionListener, org.springframework.test.context.web.ServletTestExecutionListener, org.springframework.test.context.support.DirtiesContextBeforeModesTestExecutionListener, org.springframework.test.context.support.DependencyInjectionTestExecutionListener, org.springframework.test.context.support.DirtiesContextTestExecutionListener, org.springframework.test.context.transaction.TransactionalTestExecutionListener, org.springframework.test.context.jdbc.SqlScriptsTestExecutionListener, org.springframework.test.context.event.EventPublishingTestExecutionListener]
2020-10-23 09:58:59  [ main:887 ] - [ INFO ]  Using TestExecutionListeners: [org.springframework.test.context.web.ServletTestExecutionListener@53251a66, org.springframework.test.context.support.DirtiesContextBeforeModesTestExecutionListener@6853425f, org.springframework.boot.test.mock.mockito.MockitoTestExecutionListener@352c1b98, org.springframework.boot.test.autoconfigure.SpringBootDependencyInjectionTestExecutionListener@21129f1f, org.springframework.test.context.support.DirtiesContextTestExecutionListener@5a9f4771, org.springframework.test.context.transaction.TransactionalTestExecutionListener@282cb7c7, org.springframework.test.context.jdbc.SqlScriptsTestExecutionListener@7d898981, org.springframework.test.context.event.EventPublishingTestExecutionListener@48d61b48, org.springframework.boot.test.mock.mockito.ResetMocksTestExecutionListener@68d279ec, org.springframework.boot.test.autoconfigure.restdocs.RestDocsTestExecutionListener@258d79be, org.springframework.boot.test.autoconfigure.web.client.MockRestServiceServerResetTestExecutionListener@14f9390f, org.springframework.boot.test.autoconfigure.web.servlet.MockMvcPrintOnlyOnFailureTestExecutionListener@6c0d7c83, org.springframework.boot.test.autoconfigure.web.servlet.WebDriverTestExecutionListener@176b75f7, org.springframework.boot.test.autoconfigure.webservices.client.MockWebServiceServerTestExecutionListener@5965be2d]
2020-10-23 09:59:00  [ main:1819 ] - [ INFO ]  Starting ViewApplicationTests on LAPTOP-POJ4GAHN with PID 14304 (started by 20389 in E:\project\view)
2020-10-23 09:59:00  [ main:1820 ] - [ INFO ]  No active profile set, falling back to default profiles: default
2020-10-23 09:59:00  [ background-preinit:2323 ] - [ WARN ]  For Jackson Kotlin classes support please add "com.fasterxml.jackson.module:jackson-module-kotlin" to the classpath
2020-10-23 09:59:03  [ main:5326 ] - [ INFO ]  Initializing ExecutorService 'applicationTaskExecutor'
2020-10-23 09:59:04  [ main:5993 ] - [ INFO ]  Started ViewApplicationTests in 4.948 seconds (JVM running for 10.629)
2020-10-23 09:59:05  [ SpringContextShutdownHook:6950 ] - [ INFO ]  Shutting down ExecutorService 'applicationTaskExecutor'
2020-10-23 10:17:50  [ main:70 ] - [ INFO ]  Neither @ContextConfiguration nor @ContextHierarchy found for test class [com.viewPractice.ViewApplicationTests], using SpringBootContextLoader
2020-10-23 10:17:50  [ main:78 ] - [ INFO ]  Could not detect default resource locations for test class [com.viewPractice.ViewApplicationTests]: no resource found for suffixes {-context.xml, Context.groovy}.
2020-10-23 10:17:50  [ main:79 ] - [ INFO ]  Could not detect default configuration classes for test class [com.viewPractice.ViewApplicationTests]: ViewApplicationTests does not declare any static, non-private, non-final, nested classes annotated with @Configuration.
2020-10-23 10:17:51  [ main:188 ] - [ INFO ]  Found @SpringBootConfiguration com.viewPractice.ViewApplication for test class com.viewPractice.ViewApplicationTests
2020-10-23 10:17:51  [ main:289 ] - [ INFO ]  Loaded default TestExecutionListener class names from location [META-INF/spring.factories]: [org.springframework.boot.test.mock.mockito.MockitoTestExecutionListener, org.springframework.boot.test.mock.mockito.ResetMocksTestExecutionListener, org.springframework.boot.test.autoconfigure.restdocs.RestDocsTestExecutionListener, org.springframework.boot.test.autoconfigure.web.client.MockRestServiceServerResetTestExecutionListener, org.springframework.boot.test.autoconfigure.web.servlet.MockMvcPrintOnlyOnFailureTestExecutionListener, org.springframework.boot.test.autoconfigure.web.servlet.WebDriverTestExecutionListener, org.springframework.boot.test.autoconfigure.webservices.client.MockWebServiceServerTestExecutionListener, org.springframework.test.context.web.ServletTestExecutionListener, org.springframework.test.context.support.DirtiesContextBeforeModesTestExecutionListener, org.springframework.test.context.support.DependencyInjectionTestExecutionListener, org.springframework.test.context.support.DirtiesContextTestExecutionListener, org.springframework.test.context.transaction.TransactionalTestExecutionListener, org.springframework.test.context.jdbc.SqlScriptsTestExecutionListener, org.springframework.test.context.event.EventPublishingTestExecutionListener]
2020-10-23 10:17:51  [ main:309 ] - [ INFO ]  Using TestExecutionListeners: [org.springframework.test.context.web.ServletTestExecutionListener@352c1b98, org.springframework.test.context.support.DirtiesContextBeforeModesTestExecutionListener@21129f1f, org.springframework.boot.test.mock.mockito.MockitoTestExecutionListener@5a9f4771, org.springframework.boot.test.autoconfigure.SpringBootDependencyInjectionTestExecutionListener@282cb7c7, org.springframework.test.context.support.DirtiesContextTestExecutionListener@7d898981, org.springframework.test.context.transaction.TransactionalTestExecutionListener@48d61b48, org.springframework.test.context.jdbc.SqlScriptsTestExecutionListener@68d279ec, org.springframework.test.context.event.EventPublishingTestExecutionListener@258d79be, org.springframework.boot.test.mock.mockito.ResetMocksTestExecutionListener@14f9390f, org.springframework.boot.test.autoconfigure.restdocs.RestDocsTestExecutionListener@6c0d7c83, org.springframework.boot.test.autoconfigure.web.client.MockRestServiceServerResetTestExecutionListener@176b75f7, org.springframework.boot.test.autoconfigure.web.servlet.MockMvcPrintOnlyOnFailureTestExecutionListener@5965be2d, org.springframework.boot.test.autoconfigure.web.servlet.WebDriverTestExecutionListener@409c54f, org.springframework.boot.test.autoconfigure.webservices.client.MockWebServiceServerTestExecutionListener@3e74829]
2020-10-23 10:17:51  [ main:608 ] - [ INFO ]  Starting ViewApplicationTests on LAPTOP-POJ4GAHN with PID 20308 (started by 20389 in E:\project\view)
2020-10-23 10:17:51  [ main:609 ] - [ INFO ]  No active profile set, falling back to default profiles: default
2020-10-23 10:17:51  [ background-preinit:835 ] - [ WARN ]  For Jackson Kotlin classes support please add "com.fasterxml.jackson.module:jackson-module-kotlin" to the classpath
2020-10-23 10:17:53  [ main:3024 ] - [ INFO ]  Initializing ExecutorService 'applicationTaskExecutor'
2020-10-23 10:17:54  [ main:3508 ] - [ INFO ]  Started ViewApplicationTests in 3.157 seconds (JVM running for 4.373)
2020-10-23 10:17:54  [ SpringContextShutdownHook:4044 ] - [ INFO ]  Shutting down ExecutorService 'applicationTaskExecutor'
